Using pre-set license
Built from '2020.3/staging' branch; Version is '2020.3.3f1 (76626098c1c4) revision 7758432'; Using compiler version '192528614'; Build Type 'Release'
OS: 'Windows 10 Pro; OS build 19041.450; Version 2004; 64bit' Language: 'en' Physical Memory: 8040 MB
BatchMode: 1, IsHumanControllingUs: 0, StartBugReporterOnCrash: 0, Is64bit: 1, IsPro: 0

 COMMAND LINE ARGUMENTS:
C:\Program Files\Unity\Hub\Editor\2020.3.3f1\Editor\Unity.exe
-adb2
-batchMode
-noUpm
-name
AssetImportWorker2
-projectPath
C:/Users/Carri/Documents/GitHub/Trailer_AR_Project
-logFile
Logs/AssetImportWorker2.log
-srvPort
62757
Successfully changed project path to: C:/Users/Carri/Documents/GitHub/Trailer_AR_Project
C:/Users/Carri/Documents/GitHub/Trailer_AR_Project
Using Asset Import Pipeline V2.
Refreshing native plugins compatible for Editor in 159.80 ms, found 0 plugins.
Preloading 0 native plugins for Editor in 0.00 ms.
Initialize engine version: 2020.3.3f1 (76626098c1c4)
[Subsystems] Discovering subsystems at path C:/Program Files/Unity/Hub/Editor/2020.3.3f1/Editor/Data/Resources/UnitySubsystems
[Subsystems] Discovering subsystems at path C:/Users/Carri/Documents/GitHub/Trailer_AR_Project/Assets
GfxDevice: creating device client; threaded=0
Direct3D:
    Version:  Direct3D 11.0 [level 11.1]
    Renderer: Intel(R) UHD Graphics (ID=0x9b41)
    Vendor:   
    VRAM:     4020 MB
    Driver:   26.20.100.7262
Initialize mono
Mono path[0] = 'C:/Program Files/Unity/Hub/Editor/2020.3.3f1/Editor/Data/Managed'
Mono path[1] = 'C:/Program Files/Unity/Hub/Editor/2020.3.3f1/Editor/Data/MonoBleedingEdge/lib/mono/unityjit'
Mono config path = 'C:/Program Files/Unity/Hub/Editor/2020.3.3f1/Editor/Data/MonoBleedingEdge/etc'
Using monoOptions --debugger-agent=transport=dt_socket,embedding=1,server=y,suspend=n,address=127.0.0.1:56776
Begin MonoManager ReloadAssembly
Registering precompiled unity dll's ...
Register platform support module: C:/Program Files/Unity/Hub/Editor/2020.3.3f1/Editor/Data/PlaybackEngines/WebGLSupport/UnityEditor.WebGL.Extensions.dll
Register platform support module: C:/Program Files/Unity/Hub/Editor/2020.3.3f1/Editor/Data/PlaybackEngines/WindowsStandaloneSupport/UnityEditor.WindowsStandalone.Extensions.dll
Registered in 0.003212 seconds.
Native extension for WindowsStandalone target not found
Native extension for WebGL target not found
Refreshing native plugins compatible for Editor in 83.79 ms, found 0 plugins.
Preloading 0 native plugins for Editor in 0.00 ms.
Invoked RoslynAnalysisRunner static constructor.
RoslynAnalysisRunner will not be running.
RoslynAnalysisRunner has terminated.
Mono: successfully reloaded assembly
- Completed reload, in  2.974 seconds
Platform modules already initialized, skipping
Registering precompiled user dll's ...
Registered in 0.005803 seconds.
Begin MonoManager ReloadAssembly
Native extension for WindowsStandalone target not found
Native extension for WebGL target not found
Refreshing native plugins compatible for Editor in 56.05 ms, found 0 plugins.
Preloading 0 native plugins for Editor in 0.00 ms.
Invoked RoslynAnalysisRunner static constructor.
RoslynAnalysisRunner will not be running.
RoslynAnalysisRunner has terminated.
Mono: successfully reloaded assembly
- Completed reload, in  1.183 seconds
Platform modules already initialized, skipping
========================================================================
Worker process is ready to serve import requests
Shader 'Universal Render Pipeline/Particles/Lit': fallback shader 'Universal Render Pipeline/Particles/SimpleLit' not found
Shader 'Universal Render Pipeline/Particles/Lit': fallback shader 'Universal Render Pipeline/Particles/SimpleLit' not found
Launched and connected shader compiler UnityShaderCompiler.exe after 0.16 seconds
Refreshing native plugins compatible for Editor in 1.32 ms, found 0 plugins.
Preloading 0 native plugins for Editor in 0.00 ms.
Unloading 2546 Unused Serialized files (Serialized files now loaded: 0)
System memory in use before: 123.7 MB.
System memory in use after: 120.9 MB.

Unloading 43 unused Assets to reduce memory usage. Loaded Objects now: 2956.
Total: 18.200100 ms (FindLiveObjects: 1.121400 ms CreateObjectMapping: 0.563100 ms MarkObjects: 9.295600 ms  DeleteObjects: 7.216000 ms)

========================================================================
Received Import Request.
  path: Assets/UniversalRenderPipelineAsset.asset
  artifactKey: Guid(20506f3214e28ca4fb6a9742d604293e) Importer(815301076,1909f56bfc062723c751e8b465ee728b)
Start importing Assets/UniversalRenderPipelineAsset.asset using Guid(20506f3214e28ca4fb6a9742d604293e) Importer(815301076,1909f56bfc062723c751e8b465ee728b)  -> (artifact id: '2198add2a7adf3717d6b319c47d3eccf') in 0.151095 seconds
  Import took 0.241204 seconds .

========================================================================
Received Import Request.
  Time since last request: 0.000696 seconds.
  path: Assets/UniversalRenderPipelineAsset_Renderer.asset
  artifactKey: Guid(e8af93423b1f36549accb6ed564fb3d8) Importer(815301076,1909f56bfc062723c751e8b465ee728b)
Start importing Assets/UniversalRenderPipelineAsset_Renderer.asset using Guid(e8af93423b1f36549accb6ed564fb3d8) Importer(815301076,1909f56bfc062723c751e8b465ee728b)  -> (artifact id: 'f5fc1b5c8d541019618ed3b002cad1cf') in 0.016674 seconds
  Import took 0.030870 seconds .

========================================================================
Received Import Request.
  Time since last request: 0.000698 seconds.
  path: Assets/Readme.asset
  artifactKey: Guid(83c2ed844a8c74b779a4c823d16594b1) Importer(815301076,1909f56bfc062723c751e8b465ee728b)
Start importing Assets/Readme.asset using Guid(83c2ed844a8c74b779a4c823d16594b1) Importer(815301076,1909f56bfc062723c751e8b465ee728b)  -> (artifact id: '28ee6631939f780824a44e9266542900') in 0.041091 seconds
  Import took 0.065092 seconds .

========================================================================
Received Import Request.
  Time since last request: 171.896924 seconds.
  path: Assets/Shaders/Glow_02/New Material.mat
  artifactKey: Guid(fb43f7dbb9c0b2c44b4db34cd19150bb) Importer(815301076,1909f56bfc062723c751e8b465ee728b)
Start importing Assets/Shaders/Glow_02/New Material.mat using Guid(fb43f7dbb9c0b2c44b4db34cd19150bb) Importer(815301076,1909f56bfc062723c751e8b465ee728b)  -> (artifact id: '706c6325ca4dbfce6a45d155daef2ea5') in 0.862366 seconds
  Import took 0.874553 seconds .

========================================================================
Received Prepare
Registering precompiled user dll's ...
Registered in 0.001854 seconds.
Begin MonoManager ReloadAssembly
Native extension for WindowsStandalone target not found
Native extension for WebGL target not found
Refreshing native plugins compatible for Editor in 0.55 ms, found 0 plugins.
Preloading 0 native plugins for Editor in 0.00 ms.
Invoked RoslynAnalysisRunner static constructor.
RoslynAnalysisRunner will not be running.
RoslynAnalysisRunner has terminated.
Mono: successfully reloaded assembly
- Completed reload, in  1.259 seconds
Platform modules already initialized, skipping
Shader 'Universal Render Pipeline/Particles/Lit': fallback shader 'Universal Render Pipeline/Particles/SimpleLit' not found
Shader 'Universal Render Pipeline/Particles/Lit': fallback shader 'Universal Render Pipeline/Particles/SimpleLit' not found
Refreshing native plugins compatible for Editor in 0.47 ms, found 0 plugins.
Preloading 0 native plugins for Editor in 0.00 ms.
Unloading 2440 Unused Serialized files (Serialized files now loaded: 0)
System memory in use before: 122.4 MB.
System memory in use after: 119.7 MB.

Unloading 38 unused Assets to reduce memory usage. Loaded Objects now: 3039.
Total: 4.030800 ms (FindLiveObjects: 0.298400 ms CreateObjectMapping: 0.135200 ms MarkObjects: 2.067300 ms  DeleteObjects: 1.528900 ms)

========================================================================
Received Import Request.
  Time since last request: 505.797195 seconds.
  path: Assets/Shaders/Glow_02/New Material.mat
  artifactKey: Guid(fb43f7dbb9c0b2c44b4db34cd19150bb) Importer(815301076,1909f56bfc062723c751e8b465ee728b)
Start importing Assets/Shaders/Glow_02/New Material.mat using Guid(fb43f7dbb9c0b2c44b4db34cd19150bb) Importer(815301076,1909f56bfc062723c751e8b465ee728b)  -> (artifact id: '6a5adae0e6ca4c961db588510a6d72f0') in 0.186016 seconds
  Import took 0.190524 seconds .

========================================================================
Received Import Request.
  Time since last request: 17.850326 seconds.
  path: Assets/Shaders/Glow_02/GlowObject.cs
  artifactKey: Guid(f9ac696ff3b74a347ac3a9f32f3a269e) Importer(815301076,1909f56bfc062723c751e8b465ee728b)
Start importing Assets/Shaders/Glow_02/GlowObject.cs using Guid(f9ac696ff3b74a347ac3a9f32f3a269e) Importer(815301076,1909f56bfc062723c751e8b465ee728b)  -> (artifact id: 'd1fa0a2dd8c6f8555eee98d983e4e39c') in 0.105795 seconds
  Import took 0.113136 seconds .

========================================================================
Received Prepare
Registering precompiled user dll's ...
Registered in 0.001610 seconds.
Begin MonoManager ReloadAssembly
Native extension for WindowsStandalone target not found
Native extension for WebGL target not found
Refreshing native plugins compatible for Editor in 0.41 ms, found 0 plugins.
Preloading 0 native plugins for Editor in 0.00 ms.
Invoked RoslynAnalysisRunner static constructor.
RoslynAnalysisRunner will not be running.
RoslynAnalysisRunner has terminated.
Mono: successfully reloaded assembly
- Completed reload, in  1.115 seconds
Platform modules already initialized, skipping
Shader 'Universal Render Pipeline/Particles/Lit': fallback shader 'Universal Render Pipeline/Particles/SimpleLit' not found
Shader 'Universal Render Pipeline/Particles/Lit': fallback shader 'Universal Render Pipeline/Particles/SimpleLit' not found
Refreshing native plugins compatible for Editor in 0.43 ms, found 0 plugins.
Preloading 0 native plugins for Editor in 0.00 ms.
Unloading 2438 Unused Serialized files (Serialized files now loaded: 0)
System memory in use before: 122.6 MB.
System memory in use after: 119.8 MB.

Unloading 38 unused Assets to reduce memory usage. Loaded Objects now: 3078.
Total: 4.234600 ms (FindLiveObjects: 0.341900 ms CreateObjectMapping: 0.175600 ms MarkObjects: 2.105800 ms  DeleteObjects: 1.609700 ms)

========================================================================
Received Prepare
Registering precompiled user dll's ...
Registered in 0.001572 seconds.
Begin MonoManager ReloadAssembly
Native extension for WindowsStandalone target not found
Native extension for WebGL target not found
Refreshing native plugins compatible for Editor in 0.81 ms, found 0 plugins.
Preloading 0 native plugins for Editor in 0.00 ms.
Invoked RoslynAnalysisRunner static constructor.
RoslynAnalysisRunner will not be running.
RoslynAnalysisRunner has terminated.
Mono: successfully reloaded assembly
- Completed reload, in  1.074 seconds
Platform modules already initialized, skipping
Shader 'Universal Render Pipeline/Particles/Lit': fallback shader 'Universal Render Pipeline/Particles/SimpleLit' not found
Shader 'Universal Render Pipeline/Particles/Lit': fallback shader 'Universal Render Pipeline/Particles/SimpleLit' not found
Refreshing native plugins compatible for Editor in 1.12 ms, found 0 plugins.
Preloading 0 native plugins for Editor in 0.00 ms.
Unloading 2438 Unused Serialized files (Serialized files now loaded: 0)
System memory in use before: 122.5 MB.
System memory in use after: 119.8 MB.

Unloading 38 unused Assets to reduce memory usage. Loaded Objects now: 3081.
Total: 4.228500 ms (FindLiveObjects: 0.470500 ms CreateObjectMapping: 0.172400 ms MarkObjects: 2.129400 ms  DeleteObjects: 1.452300 ms)

========================================================================
Received Import Request.
  Time since last request: 1484.183914 seconds.
  path: Assets/Scripts
  artifactKey: Guid(02a3527b6b33a924e8ec66aa805ea717) Importer(815301076,1909f56bfc062723c751e8b465ee728b)
Start importing Assets/Scripts using Guid(02a3527b6b33a924e8ec66aa805ea717) Importer(815301076,1909f56bfc062723c751e8b465ee728b)  -> (artifact id: 'fd1420df01c25c328f6afaa5d0518ebf') in 0.011775 seconds
  Import took 0.018964 seconds .

========================================================================
Received Import Request.
  Time since last request: 1.616393 seconds.
  path: Assets/Scripts/SimpleCameraController.cs
  artifactKey: Guid(be76e5f14cfee674cb30b491fb72b09b) Importer(815301076,1909f56bfc062723c751e8b465ee728b)
Start importing Assets/Scripts/SimpleCameraController.cs using Guid(be76e5f14cfee674cb30b491fb72b09b) Importer(815301076,1909f56bfc062723c751e8b465ee728b)  -> (artifact id: '1aeaed26762553b280bf70e7cbf225f7') in 0.002672 seconds
  Import took 0.006633 seconds .

========================================================================
Received Import Request.
  Time since last request: 0.002877 seconds.
  path: Assets/Scripts/SimpleCameraController.cs
  artifactKey: Guid(be76e5f14cfee674cb30b491fb72b09b) Importer(815301076,1909f56bfc062723c751e8b465ee728b)
Start importing Assets/Scripts/SimpleCameraController.cs using Guid(be76e5f14cfee674cb30b491fb72b09b) Importer(815301076,1909f56bfc062723c751e8b465ee728b)  -> (artifact id: '1aeaed26762553b280bf70e7cbf225f7') in 0.003641 seconds
  Import took 0.008471 seconds .

========================================================================
Received Import Request.
  Time since last request: 34.223995 seconds.
  path: Assets/Shaders/Glow_01/Glow.mat
  artifactKey: Guid(ef8115f2f0fbae64f88b969c9c78edd6) Importer(815301076,1909f56bfc062723c751e8b465ee728b)
Start importing Assets/Shaders/Glow_01/Glow.mat using Guid(ef8115f2f0fbae64f88b969c9c78edd6) Importer(815301076,1909f56bfc062723c751e8b465ee728b)  -> (artifact id: '5a25f96282fab42408ef571080450d62') in 0.283090 seconds
  Import took 0.288591 seconds .

========================================================================
Received Prepare
Registering precompiled user dll's ...
Registered in 0.001697 seconds.
Begin MonoManager ReloadAssembly
Native extension for WindowsStandalone target not found
Native extension for WebGL target not found
Refreshing native plugins compatible for Editor in 0.91 ms, found 0 plugins.
Preloading 0 native plugins for Editor in 0.00 ms.
Invoked RoslynAnalysisRunner static constructor.
RoslynAnalysisRunner will not be running.
RoslynAnalysisRunner has terminated.
Mono: successfully reloaded assembly
- Completed reload, in  2.791 seconds
Platform modules already initialized, skipping
Shader 'Universal Render Pipeline/Particles/Lit': fallback shader 'Universal Render Pipeline/Particles/SimpleLit' not found
Shader 'Universal Render Pipeline/Particles/Lit': fallback shader 'Universal Render Pipeline/Particles/SimpleLit' not found
Refreshing native plugins compatible for Editor in 0.55 ms, found 0 plugins.
Preloading 0 native plugins for Editor in 0.00 ms.
Unloading 2438 Unused Serialized files (Serialized files now loaded: 0)
System memory in use before: 122.7 MB.
System memory in use after: 120.0 MB.

Unloading 38 unused Assets to reduce memory usage. Loaded Objects now: 3120.
Total: 4.475700 ms (FindLiveObjects: 0.311700 ms CreateObjectMapping: 0.131200 ms MarkObjects: 2.329100 ms  DeleteObjects: 1.702300 ms)

========================================================================
Received Prepare
Registering precompiled user dll's ...
Registered in 0.001566 seconds.
Begin MonoManager ReloadAssembly
Native extension for WindowsStandalone target not found
Native extension for WebGL target not found
Refreshing native plugins compatible for Editor in 0.79 ms, found 0 plugins.
Preloading 0 native plugins for Editor in 0.00 ms.
Invoked RoslynAnalysisRunner static constructor.
RoslynAnalysisRunner will not be running.
RoslynAnalysisRunner has terminated.
Mono: successfully reloaded assembly
- Completed reload, in  1.744 seconds
Platform modules already initialized, skipping
Shader 'Universal Render Pipeline/Particles/Lit': fallback shader 'Universal Render Pipeline/Particles/SimpleLit' not found
Shader 'Universal Render Pipeline/Particles/Lit': fallback shader 'Universal Render Pipeline/Particles/SimpleLit' not found
Refreshing native plugins compatible for Editor in 0.64 ms, found 0 plugins.
Preloading 0 native plugins for Editor in 0.00 ms.
Unloading 2438 Unused Serialized files (Serialized files now loaded: 0)
System memory in use before: 122.7 MB.
System memory in use after: 119.9 MB.

Unloading 38 unused Assets to reduce memory usage. Loaded Objects now: 3123.
Total: 10.078500 ms (FindLiveObjects: 0.561100 ms CreateObjectMapping: 0.614600 ms MarkObjects: 5.135500 ms  DeleteObjects: 3.762600 ms)

========================================================================
Received Import Request.
  Time since last request: 1119.043094 seconds.
  path: Assets/Shaders/Glow_02/GlowObject.cs
  artifactKey: Guid(f9ac696ff3b74a347ac3a9f32f3a269e) Importer(815301076,1909f56bfc062723c751e8b465ee728b)
Start importing Assets/Shaders/Glow_02/GlowObject.cs using Guid(f9ac696ff3b74a347ac3a9f32f3a269e) Importer(815301076,1909f56bfc062723c751e8b465ee728b)  -> (artifact id: 'bb9ba6eda2ea8f44734df8539475013a') in 0.013249 seconds
  Import took 0.022972 seconds .

========================================================================
Received Prepare
Registering precompiled user dll's ...
Registered in 0.003038 seconds.
Begin MonoManager ReloadAssembly
Native extension for WindowsStandalone target not found
Native extension for WebGL target not found
Refreshing native plugins compatible for Editor in 0.67 ms, found 0 plugins.
Preloading 0 native plugins for Editor in 0.00 ms.
Invoked RoslynAnalysisRunner static constructor.
RoslynAnalysisRunner will not be running.
RoslynAnalysisRunner has terminated.
Mono: successfully reloaded assembly
- Completed reload, in  1.026 seconds
Platform modules already initialized, skipping
Shader 'Universal Render Pipeline/Particles/Lit': fallback shader 'Universal Render Pipeline/Particles/SimpleLit' not found
Shader 'Universal Render Pipeline/Particles/Lit': fallback shader 'Universal Render Pipeline/Particles/SimpleLit' not found
Refreshing native plugins compatible for Editor in 0.41 ms, found 0 plugins.
Preloading 0 native plugins for Editor in 0.00 ms.
Unloading 2438 Unused Serialized files (Serialized files now loaded: 0)
System memory in use before: 122.8 MB.
System memory in use after: 120.1 MB.

Unloading 38 unused Assets to reduce memory usage. Loaded Objects now: 3126.
Total: 3.736900 ms (FindLiveObjects: 0.292300 ms CreateObjectMapping: 0.125900 ms MarkObjects: 1.770000 ms  DeleteObjects: 1.547400 ms)

========================================================================
Received Prepare
Registering precompiled user dll's ...
Registered in 0.001475 seconds.
Begin MonoManager ReloadAssembly
Native extension for WindowsStandalone target not found
Native extension for WebGL target not found
Refreshing native plugins compatible for Editor in 0.48 ms, found 0 plugins.
Preloading 0 native plugins for Editor in 0.00 ms.
Invoked RoslynAnalysisRunner static constructor.
RoslynAnalysisRunner will not be running.
RoslynAnalysisRunner has terminated.
Mono: successfully reloaded assembly
- Completed reload, in  1.071 seconds
Platform modules already initialized, skipping
Shader 'Universal Render Pipeline/Particles/Lit': fallback shader 'Universal Render Pipeline/Particles/SimpleLit' not found
Shader 'Universal Render Pipeline/Particles/Lit': fallback shader 'Universal Render Pipeline/Particles/SimpleLit' not found
Refreshing native plugins compatible for Editor in 0.48 ms, found 0 plugins.
Preloading 0 native plugins for Editor in 0.00 ms.
Unloading 2438 Unused Serialized files (Serialized files now loaded: 0)
System memory in use before: 122.7 MB.
System memory in use after: 120.0 MB.

Unloading 38 unused Assets to reduce memory usage. Loaded Objects now: 3129.
Total: 3.806200 ms (FindLiveObjects: 0.283300 ms CreateObjectMapping: 0.118200 ms MarkObjects: 1.893000 ms  DeleteObjects: 1.510300 ms)

========================================================================
Received Import Request.
  Time since last request: 257.968701 seconds.
  path: Assets/Shaders/Glow_02/GlowObject.cs
  artifactKey: Guid(f9ac696ff3b74a347ac3a9f32f3a269e) Importer(815301076,1909f56bfc062723c751e8b465ee728b)
Start importing Assets/Shaders/Glow_02/GlowObject.cs using Guid(f9ac696ff3b74a347ac3a9f32f3a269e) Importer(815301076,1909f56bfc062723c751e8b465ee728b)  -> (artifact id: 'ab2a5879b999124221bae93327360cff') in 0.008239 seconds
  Import took 0.014629 seconds .

========================================================================
Received Import Request.
  Time since last request: 0.002411 seconds.
  path: Assets/Shaders/Glow_02/GlowObject.cs
  artifactKey: Guid(f9ac696ff3b74a347ac3a9f32f3a269e) Importer(815301076,1909f56bfc062723c751e8b465ee728b)
Start importing Assets/Shaders/Glow_02/GlowObject.cs using Guid(f9ac696ff3b74a347ac3a9f32f3a269e) Importer(815301076,1909f56bfc062723c751e8b465ee728b)  -> (artifact id: 'ab2a5879b999124221bae93327360cff') in 0.003867 seconds
  Import took 0.008436 seconds .

========================================================================
Received Prepare
Registering precompiled user dll's ...
Registered in 0.001994 seconds.
Begin MonoManager ReloadAssembly
Native extension for WindowsStandalone target not found
Native extension for WebGL target not found
Refreshing native plugins compatible for Editor in 0.50 ms, found 0 plugins.
Preloading 0 native plugins for Editor in 0.00 ms.
Invoked RoslynAnalysisRunner static constructor.
RoslynAnalysisRunner will not be running.
RoslynAnalysisRunner has terminated.
Mono: successfully reloaded assembly
- Completed reload, in  1.277 seconds
Platform modules already initialized, skipping
Shader 'Universal Render Pipeline/Particles/Lit': fallback shader 'Universal Render Pipeline/Particles/SimpleLit' not found
Shader 'Universal Render Pipeline/Particles/Lit': fallback shader 'Universal Render Pipeline/Particles/SimpleLit' not found
Refreshing native plugins compatible for Editor in 0.45 ms, found 0 plugins.
Preloading 0 native plugins for Editor in 0.00 ms.
Unloading 2438 Unused Serialized files (Serialized files now loaded: 0)
System memory in use before: 122.7 MB.
System memory in use after: 120.1 MB.

Unloading 38 unused Assets to reduce memory usage. Loaded Objects now: 3132.
Total: 3.700700 ms (FindLiveObjects: 0.311400 ms CreateObjectMapping: 0.131600 ms MarkObjects: 1.797700 ms  DeleteObjects: 1.458700 ms)

========================================================================
Received Prepare
Registering precompiled user dll's ...
Registered in 0.002224 seconds.
Begin MonoManager ReloadAssembly
Native extension for WindowsStandalone target not found
Native extension for WebGL target not found
Refreshing native plugins compatible for Editor in 0.75 ms, found 0 plugins.
Preloading 0 native plugins for Editor in 0.00 ms.
Invoked RoslynAnalysisRunner static constructor.
RoslynAnalysisRunner will not be running.
RoslynAnalysisRunner has terminated.
Mono: successfully reloaded assembly
- Completed reload, in  1.317 seconds
Platform modules already initialized, skipping
Shader 'Universal Render Pipeline/Particles/Lit': fallback shader 'Universal Render Pipeline/Particles/SimpleLit' not found
Shader 'Universal Render Pipeline/Particles/Lit': fallback shader 'Universal Render Pipeline/Particles/SimpleLit' not found
Refreshing native plugins compatible for Editor in 0.54 ms, found 0 plugins.
Preloading 0 native plugins for Editor in 0.00 ms.
Unloading 2438 Unused Serialized files (Serialized files now loaded: 0)
System memory in use before: 122.7 MB.
System memory in use after: 120.1 MB.

Unloading 38 unused Assets to reduce memory usage. Loaded Objects now: 3135.
Total: 5.241100 ms (FindLiveObjects: 0.288400 ms CreateObjectMapping: 0.118800 ms MarkObjects: 2.760400 ms  DeleteObjects: 2.071900 ms)

========================================================================
Received Prepare
Registering precompiled user dll's ...
Registered in 0.001547 seconds.
Begin MonoManager ReloadAssembly
Native extension for WindowsStandalone target not found
Native extension for WebGL target not found
Refreshing native plugins compatible for Editor in 0.56 ms, found 0 plugins.
Preloading 0 native plugins for Editor in 0.00 ms.
Invoked RoslynAnalysisRunner static constructor.
RoslynAnalysisRunner will not be running.
RoslynAnalysisRunner has terminated.
Mono: successfully reloaded assembly
- Completed reload, in  1.217 seconds
Platform modules already initialized, skipping
Shader 'Universal Render Pipeline/Particles/Lit': fallback shader 'Universal Render Pipeline/Particles/SimpleLit' not found
Shader 'Universal Render Pipeline/Particles/Lit': fallback shader 'Universal Render Pipeline/Particles/SimpleLit' not found
Refreshing native plugins compatible for Editor in 0.43 ms, found 0 plugins.
Preloading 0 native plugins for Editor in 0.00 ms.
Unloading 2438 Unused Serialized files (Serialized files now loaded: 0)
System memory in use before: 122.7 MB.
System memory in use after: 120.0 MB.

Unloading 38 unused Assets to reduce memory usage. Loaded Objects now: 3138.
Total: 3.685100 ms (FindLiveObjects: 0.311700 ms CreateObjectMapping: 0.138900 ms MarkObjects: 1.734600 ms  DeleteObjects: 1.499000 ms)

========================================================================
Received Import Request.
  Time since last request: 290.855803 seconds.
  path: Assets/Shaders/Glow_02/GlowObject.cs
  artifactKey: Guid(f9ac696ff3b74a347ac3a9f32f3a269e) Importer(815301076,1909f56bfc062723c751e8b465ee728b)
Start importing Assets/Shaders/Glow_02/GlowObject.cs using Guid(f9ac696ff3b74a347ac3a9f32f3a269e) Importer(815301076,1909f56bfc062723c751e8b465ee728b)  -> (artifact id: 'dfa45793fb3332f5aac8ed2146f79765') in 0.005574 seconds
  Import took 0.010212 seconds .

========================================================================
Received Prepare
Registering precompiled user dll's ...
Registered in 0.001720 seconds.
Begin MonoManager ReloadAssembly
Native extension for WindowsStandalone target not found
Native extension for WebGL target not found
Refreshing native plugins compatible for Editor in 0.69 ms, found 0 plugins.
Preloading 0 native plugins for Editor in 0.00 ms.
Invoked RoslynAnalysisRunner static constructor.
RoslynAnalysisRunner will not be running.
RoslynAnalysisRunner has terminated.
Mono: successfully reloaded assembly
- Completed reload, in  2.246 seconds
Platform modules already initialized, skipping
Shader 'Universal Render Pipeline/Particles/Lit': fallback shader 'Universal Render Pipeline/Particles/SimpleLit' not found
Shader 'Universal Render Pipeline/Particles/Lit': fallback shader 'Universal Render Pipeline/Particles/SimpleLit' not found
Refreshing native plugins compatible for Editor in 0.92 ms, found 0 plugins.
Preloading 0 native plugins for Editor in 0.00 ms.
Unloading 2438 Unused Serialized files (Serialized files now loaded: 0)
System memory in use before: 122.8 MB.
System memory in use after: 120.1 MB.

Unloading 38 unused Assets to reduce memory usage. Loaded Objects now: 3141.
Total: 11.038000 ms (FindLiveObjects: 2.248600 ms CreateObjectMapping: 0.522100 ms MarkObjects: 5.439600 ms  DeleteObjects: 2.822700 ms)

========================================================================
Received Import Request.
  Time since last request: 89.824172 seconds.
  path: Assets/Shaders/Glow_02/GlowObject.cs
  artifactKey: Guid(f9ac696ff3b74a347ac3a9f32f3a269e) Importer(815301076,1909f56bfc062723c751e8b465ee728b)
Start importing Assets/Shaders/Glow_02/GlowObject.cs using Guid(f9ac696ff3b74a347ac3a9f32f3a269e) Importer(815301076,1909f56bfc062723c751e8b465ee728b)  -> (artifact id: '39c73b3c77f5e83c5b78fb60398599a2') in 0.014600 seconds
  Import took 0.023999 seconds .

========================================================================
Received Import Request.
  Time since last request: 2.275523 seconds.
  path: Assets/Shaders/Glow_02/GlowObject.cs
  artifactKey: Guid(f9ac696ff3b74a347ac3a9f32f3a269e) Importer(815301076,1909f56bfc062723c751e8b465ee728b)
Start importing Assets/Shaders/Glow_02/GlowObject.cs using Guid(f9ac696ff3b74a347ac3a9f32f3a269e) Importer(815301076,1909f56bfc062723c751e8b465ee728b)  -> (artifact id: '8997b712d307c79272864ed87b72fbb0') in 0.003900 seconds
  Import took 0.009145 seconds .

========================================================================
Received Import Request.
  Time since last request: 25.031513 seconds.
  path: Assets/Shaders/Glow_02/GlowObject.cs
  artifactKey: Guid(f9ac696ff3b74a347ac3a9f32f3a269e) Importer(815301076,1909f56bfc062723c751e8b465ee728b)
Start importing Assets/Shaders/Glow_02/GlowObject.cs using Guid(f9ac696ff3b74a347ac3a9f32f3a269e) Importer(815301076,1909f56bfc062723c751e8b465ee728b)  -> (artifact id: 'adb293dd30719bfdfa62b38bde472d46') in 0.003475 seconds
  Import took 0.008620 seconds .

========================================================================
Received Prepare
Registering precompiled user dll's ...
Registered in 0.004619 seconds.
Begin MonoManager ReloadAssembly
Native extension for WindowsStandalone target not found
Native extension for WebGL target not found
Refreshing native plugins compatible for Editor in 0.98 ms, found 0 plugins.
Preloading 0 native plugins for Editor in 0.00 ms.
Invoked RoslynAnalysisRunner static constructor.
RoslynAnalysisRunner will not be running.
RoslynAnalysisRunner has terminated.
Mono: successfully reloaded assembly
- Completed reload, in  1.919 seconds
Platform modules already initialized, skipping
Shader 'Universal Render Pipeline/Particles/Lit': fallback shader 'Universal Render Pipeline/Particles/SimpleLit' not found
Shader 'Universal Render Pipeline/Particles/Lit': fallback shader 'Universal Render Pipeline/Particles/SimpleLit' not found
Refreshing native plugins compatible for Editor in 1.68 ms, found 0 plugins.
Preloading 0 native plugins for Editor in 0.00 ms.
Unloading 2438 Unused Serialized files (Serialized files now loaded: 0)
System memory in use before: 122.8 MB.
System memory in use after: 120.1 MB.

Unloading 38 unused Assets to reduce memory usage. Loaded Objects now: 3144.
Total: 10.247500 ms (FindLiveObjects: 1.098300 ms CreateObjectMapping: 0.360600 ms MarkObjects: 5.183100 ms  DeleteObjects: 3.602200 ms)

========================================================================
Received Prepare
Registering precompiled user dll's ...
Registered in 0.001715 seconds.
Begin MonoManager ReloadAssembly
Native extension for WindowsStandalone target not found
Native extension for WebGL target not found
Refreshing native plugins compatible for Editor in 0.42 ms, found 0 plugins.
Preloading 0 native plugins for Editor in 0.00 ms.
Invoked RoslynAnalysisRunner static constructor.
RoslynAnalysisRunner will not be running.
RoslynAnalysisRunner has terminated.
Mono: successfully reloaded assembly
- Completed reload, in  1.218 seconds
Platform modules already initialized, skipping
Shader 'Universal Render Pipeline/Particles/Lit': fallback shader 'Universal Render Pipeline/Particles/SimpleLit' not found
Shader 'Universal Render Pipeline/Particles/Lit': fallback shader 'Universal Render Pipeline/Particles/SimpleLit' not found
Refreshing native plugins compatible for Editor in 0.48 ms, found 0 plugins.
Preloading 0 native plugins for Editor in 0.00 ms.
Unloading 2438 Unused Serialized files (Serialized files now loaded: 0)
System memory in use before: 122.8 MB.
System memory in use after: 120.1 MB.

Unloading 38 unused Assets to reduce memory usage. Loaded Objects now: 3147.
Total: 4.120600 ms (FindLiveObjects: 0.296000 ms CreateObjectMapping: 0.121900 ms MarkObjects: 2.131100 ms  DeleteObjects: 1.570400 ms)

========================================================================
Received Import Request.
  Time since last request: 56.163352 seconds.
  path: Assets/Shaders/Glow_02/GlowObject.cs
  artifactKey: Guid(f9ac696ff3b74a347ac3a9f32f3a269e) Importer(815301076,1909f56bfc062723c751e8b465ee728b)
Start importing Assets/Shaders/Glow_02/GlowObject.cs using Guid(f9ac696ff3b74a347ac3a9f32f3a269e) Importer(815301076,1909f56bfc062723c751e8b465ee728b)  -> (artifact id: 'a3fea37a7e39e10a2527f88061270fc0') in 0.007165 seconds
  Import took 0.013996 seconds .

========================================================================
Received Prepare
Registering precompiled user dll's ...
Registered in 0.001779 seconds.
Begin MonoManager ReloadAssembly
Native extension for WindowsStandalone target not found
Native extension for WebGL target not found
Refreshing native plugins compatible for Editor in 0.61 ms, found 0 plugins.
Preloading 0 native plugins for Editor in 0.00 ms.
Invoked RoslynAnalysisRunner static constructor.
RoslynAnalysisRunner will not be running.
RoslynAnalysisRunner has terminated.
Mono: successfully reloaded assembly
- Completed reload, in  1.069 seconds
Platform modules already initialized, skipping
Shader 'Universal Render Pipeline/Particles/Lit': fallback shader 'Universal Render Pipeline/Particles/SimpleLit' not found
Shader 'Universal Render Pipeline/Particles/Lit': fallback shader 'Universal Render Pipeline/Particles/SimpleLit' not found
Refreshing native plugins compatible for Editor in 0.42 ms, found 0 plugins.
Preloading 0 native plugins for Editor in 0.00 ms.
Unloading 2438 Unused Serialized files (Serialized files now loaded: 0)
System memory in use before: 122.8 MB.
System memory in use after: 120.1 MB.

Unloading 38 unused Assets to reduce memory usage. Loaded Objects now: 3150.
Total: 3.982200 ms (FindLiveObjects: 0.274800 ms CreateObjectMapping: 0.119400 ms MarkObjects: 2.034100 ms  DeleteObjects: 1.553100 ms)

========================================================================
Received Prepare
Registering precompiled user dll's ...
Registered in 0.001656 seconds.
Begin MonoManager ReloadAssembly
Native extension for WindowsStandalone target not found
Native extension for WebGL target not found
Refreshing native plugins compatible for Editor in 0.43 ms, found 0 plugins.
Preloading 0 native plugins for Editor in 0.00 ms.
Invoked RoslynAnalysisRunner static constructor.
RoslynAnalysisRunner will not be running.
RoslynAnalysisRunner has terminated.
Mono: successfully reloaded assembly
- Completed reload, in  1.198 seconds
Platform modules already initialized, skipping
Shader 'Universal Render Pipeline/Particles/Lit': fallback shader 'Universal Render Pipeline/Particles/SimpleLit' not found
Shader 'Universal Render Pipeline/Particles/Lit': fallback shader 'Universal Render Pipeline/Particles/SimpleLit' not found
Refreshing native plugins compatible for Editor in 0.43 ms, found 0 plugins.
Preloading 0 native plugins for Editor in 0.00 ms.
Unloading 2438 Unused Serialized files (Serialized files now loaded: 0)
System memory in use before: 122.6 MB.
System memory in use after: 120.0 MB.

Unloading 38 unused Assets to reduce memory usage. Loaded Objects now: 3153.
Total: 4.436700 ms (FindLiveObjects: 0.520000 ms CreateObjectMapping: 0.217700 ms MarkObjects: 2.165700 ms  DeleteObjects: 1.531600 ms)

========================================================================
Received Import Request.
  Time since last request: 104.669444 seconds.
  path: Assets/Shaders/Glow_02/GlowObject.cs
  artifactKey: Guid(f9ac696ff3b74a347ac3a9f32f3a269e) Importer(815301076,1909f56bfc062723c751e8b465ee728b)
Start importing Assets/Shaders/Glow_02/GlowObject.cs using Guid(f9ac696ff3b74a347ac3a9f32f3a269e) Importer(815301076,1909f56bfc062723c751e8b465ee728b)  -> (artifact id: 'b8f77d89f5fe1fd0ac92590d196c4f1d') in 0.040207 seconds
  Import took 0.044765 seconds .

========================================================================
Received Prepare
Registering precompiled user dll's ...
Registered in 0.002348 seconds.
Begin MonoManager ReloadAssembly
Native extension for WindowsStandalone target not found
Native extension for WebGL target not found
Refreshing native plugins compatible for Editor in 0.48 ms, found 0 plugins.
Preloading 0 native plugins for Editor in 0.00 ms.
Invoked RoslynAnalysisRunner static constructor.
RoslynAnalysisRunner will not be running.
RoslynAnalysisRunner has terminated.
Mono: successfully reloaded assembly
- Completed reload, in  1.144 seconds
Platform modules already initialized, skipping
Shader 'Universal Render Pipeline/Particles/Lit': fallback shader 'Universal Render Pipeline/Particles/SimpleLit' not found
Shader 'Universal Render Pipeline/Particles/Lit': fallback shader 'Universal Render Pipeline/Particles/SimpleLit' not found
Refreshing native plugins compatible for Editor in 0.62 ms, found 0 plugins.
Preloading 0 native plugins for Editor in 0.00 ms.
Unloading 2438 Unused Serialized files (Serialized files now loaded: 0)
System memory in use before: 122.8 MB.
System memory in use after: 120.1 MB.

Unloading 38 unused Assets to reduce memory usage. Loaded Objects now: 3156.
Total: 4.011800 ms (FindLiveObjects: 0.335100 ms CreateObjectMapping: 0.158800 ms MarkObjects: 1.982300 ms  DeleteObjects: 1.534600 ms)

========================================================================
Received Prepare
Registering precompiled user dll's ...
Registered in 0.002208 seconds.
Begin MonoManager ReloadAssembly
Native extension for WindowsStandalone target not found
Native extension for WebGL target not found
Refreshing native plugins compatible for Editor in 0.47 ms, found 0 plugins.
Preloading 0 native plugins for Editor in 0.00 ms.
Invoked RoslynAnalysisRunner static constructor.
RoslynAnalysisRunner will not be running.
RoslynAnalysisRunner has terminated.
Mono: successfully reloaded assembly
- Completed reload, in  1.156 seconds
Platform modules already initialized, skipping
Shader 'Universal Render Pipeline/Particles/Lit': fallback shader 'Universal Render Pipeline/Particles/SimpleLit' not found
Shader 'Universal Render Pipeline/Particles/Lit': fallback shader 'Universal Render Pipeline/Particles/SimpleLit' not found
Refreshing native plugins compatible for Editor in 0.81 ms, found 0 plugins.
Preloading 0 native plugins for Editor in 0.00 ms.
Unloading 2438 Unused Serialized files (Serialized files now loaded: 0)
System memory in use before: 122.8 MB.
System memory in use after: 120.1 MB.

Unloading 38 unused Assets to reduce memory usage. Loaded Objects now: 3159.
Total: 3.678200 ms (FindLiveObjects: 0.288400 ms CreateObjectMapping: 0.115800 ms MarkObjects: 1.823400 ms  DeleteObjects: 1.449600 ms)

========================================================================
Received Import Request.
  Time since last request: 59.682986 seconds.
  path: Assets/Shaders/Glow_02/GlowObject.cs
  artifactKey: Guid(f9ac696ff3b74a347ac3a9f32f3a269e) Importer(815301076,1909f56bfc062723c751e8b465ee728b)
Start importing Assets/Shaders/Glow_02/GlowObject.cs using Guid(f9ac696ff3b74a347ac3a9f32f3a269e) Importer(815301076,1909f56bfc062723c751e8b465ee728b)  -> (artifact id: 'b459d07c39344d121f1cac8c66c63cf2') in 0.005599 seconds
  Import took 0.009750 seconds .

========================================================================
Received Prepare
Registering precompiled user dll's ...
Registered in 0.001708 seconds.
Begin MonoManager ReloadAssembly
Native extension for WindowsStandalone target not found
Native extension for WebGL target not found
Refreshing native plugins compatible for Editor in 0.56 ms, found 0 plugins.
Preloading 0 native plugins for Editor in 0.00 ms.
Invoked RoslynAnalysisRunner static constructor.
RoslynAnalysisRunner will not be running.
RoslynAnalysisRunner has terminated.
Mono: successfully reloaded assembly
- Completed reload, in  1.076 seconds
Platform modules already initialized, skipping
Shader 'Universal Render Pipeline/Particles/Lit': fallback shader 'Universal Render Pipeline/Particles/SimpleLit' not found
Shader 'Universal Render Pipeline/Particles/Lit': fallback shader 'Universal Render Pipeline/Particles/SimpleLit' not found
Refreshing native plugins compatible for Editor in 0.47 ms, found 0 plugins.
Preloading 0 native plugins for Editor in 0.00 ms.
Unloading 2438 Unused Serialized files (Serialized files now loaded: 0)
System memory in use before: 122.8 MB.
System memory in use after: 120.1 MB.

Unloading 38 unused Assets to reduce memory usage. Loaded Objects now: 3162.
Total: 3.929600 ms (FindLiveObjects: 0.320900 ms CreateObjectMapping: 0.125900 ms MarkObjects: 1.946700 ms  DeleteObjects: 1.535000 ms)

========================================================================
Received Prepare
Registering precompiled user dll's ...
Registered in 0.002821 seconds.
Begin MonoManager ReloadAssembly
Native extension for WindowsStandalone target not found
Native extension for WebGL target not found
Refreshing native plugins compatible for Editor in 0.44 ms, found 0 plugins.
Preloading 0 native plugins for Editor in 0.00 ms.
Invoked RoslynAnalysisRunner static constructor.
RoslynAnalysisRunner will not be running.
RoslynAnalysisRunner has terminated.
Mono: successfully reloaded assembly
- Completed reload, in  1.593 seconds
Platform modules already initialized, skipping
Shader 'Universal Render Pipeline/Particles/Lit': fallback shader 'Universal Render Pipeline/Particles/SimpleLit' not found
Shader 'Universal Render Pipeline/Particles/Lit': fallback shader 'Universal Render Pipeline/Particles/SimpleLit' not found
Refreshing native plugins compatible for Editor in 0.55 ms, found 0 plugins.
Preloading 0 native plugins for Editor in 0.00 ms.
Unloading 2438 Unused Serialized files (Serialized files now loaded: 0)
System memory in use before: 122.8 MB.
System memory in use after: 120.1 MB.

Unloading 38 unused Assets to reduce memory usage. Loaded Objects now: 3165.
Total: 4.169000 ms (FindLiveObjects: 0.342400 ms CreateObjectMapping: 0.140000 ms MarkObjects: 2.137700 ms  DeleteObjects: 1.547300 ms)

========================================================================
Received Import Request.
  Time since last request: 123.917298 seconds.
  path: Assets/Shaders/Glow_02/GlowObject.cs
  artifactKey: Guid(f9ac696ff3b74a347ac3a9f32f3a269e) Importer(815301076,1909f56bfc062723c751e8b465ee728b)
Start importing Assets/Shaders/Glow_02/GlowObject.cs using Guid(f9ac696ff3b74a347ac3a9f32f3a269e) Importer(815301076,1909f56bfc062723c751e8b465ee728b)  -> (artifact id: '60442e1955a9761eeec5ba4de263d84b') in 0.005455 seconds
  Import took 0.009716 seconds .

========================================================================
Received Import Request.
  Time since last request: 18.283850 seconds.
  path: Assets/Shaders/Glow_02/GlowObject.cs
  artifactKey: Guid(f9ac696ff3b74a347ac3a9f32f3a269e) Importer(815301076,1909f56bfc062723c751e8b465ee728b)
Start importing Assets/Shaders/Glow_02/GlowObject.cs using Guid(f9ac696ff3b74a347ac3a9f32f3a269e) Importer(815301076,1909f56bfc062723c751e8b465ee728b)  -> (artifact id: '766459b5d2fd999ed546f621ba44dad8') in 0.003482 seconds
  Import took 0.009224 seconds .

========================================================================
Received Import Request.
  Time since last request: 0.026035 seconds.
  path: Assets/Shaders/Glow_02/GlowObject.cs
  artifactKey: Guid(f9ac696ff3b74a347ac3a9f32f3a269e) Importer(815301076,1909f56bfc062723c751e8b465ee728b)
Start importing Assets/Shaders/Glow_02/GlowObject.cs using Guid(f9ac696ff3b74a347ac3a9f32f3a269e) Importer(815301076,1909f56bfc062723c751e8b465ee728b)  -> (artifact id: '766459b5d2fd999ed546f621ba44dad8') in 0.003346 seconds
  Import took 0.010342 seconds .

========================================================================
Received Prepare
Registering precompiled user dll's ...
Registered in 0.001812 seconds.
Begin MonoManager ReloadAssembly
Native extension for WindowsStandalone target not found
Native extension for WebGL target not found
Refreshing native plugins compatible for Editor in 0.54 ms, found 0 plugins.
Preloading 0 native plugins for Editor in 0.00 ms.
Invoked RoslynAnalysisRunner static constructor.
RoslynAnalysisRunner will not be running.
RoslynAnalysisRunner has terminated.
Mono: successfully reloaded assembly
- Completed reload, in  1.119 seconds
Platform modules already initialized, skipping
Shader 'Universal Render Pipeline/Particles/Lit': fallback shader 'Universal Render Pipeline/Particles/SimpleLit' not found
Shader 'Universal Render Pipeline/Particles/Lit': fallback shader 'Universal Render Pipeline/Particles/SimpleLit' not found
Refreshing native plugins compatible for Editor in 0.55 ms, found 0 plugins.
Preloading 0 native plugins for Editor in 0.00 ms.
Unloading 2438 Unused Serialized files (Serialized files now loaded: 0)
System memory in use before: 122.7 MB.
System memory in use after: 120.1 MB.

Unloading 38 unused Assets to reduce memory usage. Loaded Objects now: 3168.
Total: 5.039400 ms (FindLiveObjects: 0.803000 ms CreateObjectMapping: 0.324200 ms MarkObjects: 2.295500 ms  DeleteObjects: 1.615400 ms)

========================================================================
Received Prepare
Registering precompiled user dll's ...
Registered in 0.004053 seconds.
Begin MonoManager ReloadAssembly
Native extension for WindowsStandalone target not found
Native extension for WebGL target not found
Refreshing native plugins compatible for Editor in 0.60 ms, found 0 plugins.
Preloading 0 native plugins for Editor in 0.00 ms.
Invoked RoslynAnalysisRunner static constructor.
RoslynAnalysisRunner will not be running.
RoslynAnalysisRunner has terminated.
Mono: successfully reloaded assembly
- Completed reload, in  2.113 seconds
Platform modules already initialized, skipping
Shader 'Universal Render Pipeline/Particles/Lit': fallback shader 'Universal Render Pipeline/Particles/SimpleLit' not found
Shader 'Universal Render Pipeline/Particles/Lit': fallback shader 'Universal Render Pipeline/Particles/SimpleLit' not found
Refreshing native plugins compatible for Editor in 2.97 ms, found 0 plugins.
Preloading 0 native plugins for Editor in 0.00 ms.
Unloading 2438 Unused Serialized files (Serialized files now loaded: 0)
System memory in use before: 122.8 MB.
System memory in use after: 120.2 MB.

Unloading 38 unused Assets to reduce memory usage. Loaded Objects now: 3171.
Total: 10.785100 ms (FindLiveObjects: 1.228100 ms CreateObjectMapping: 0.564400 ms MarkObjects: 5.116300 ms  DeleteObjects: 3.870300 ms)

========================================================================
Received Prepare
Registering precompiled user dll's ...
Registered in 0.001551 seconds.
Begin MonoManager ReloadAssembly
Native extension for WindowsStandalone target not found
Native extension for WebGL target not found
Refreshing native plugins compatible for Editor in 0.52 ms, found 0 plugins.
Preloading 0 native plugins for Editor in 0.00 ms.
Invoked RoslynAnalysisRunner static constructor.
RoslynAnalysisRunner will not be running.
RoslynAnalysisRunner has terminated.
Mono: successfully reloaded assembly
- Completed reload, in  1.121 seconds
Platform modules already initialized, skipping
Shader 'Universal Render Pipeline/Particles/Lit': fallback shader 'Universal Render Pipeline/Particles/SimpleLit' not found
Shader 'Universal Render Pipeline/Particles/Lit': fallback shader 'Universal Render Pipeline/Particles/SimpleLit' not found
Refreshing native plugins compatible for Editor in 0.47 ms, found 0 plugins.
Preloading 0 native plugins for Editor in 0.00 ms.
Unloading 2438 Unused Serialized files (Serialized files now loaded: 0)
System memory in use before: 122.8 MB.
System memory in use after: 120.2 MB.

Unloading 38 unused Assets to reduce memory usage. Loaded Objects now: 3174.
Total: 4.241000 ms (FindLiveObjects: 0.427600 ms CreateObjectMapping: 0.167500 ms MarkObjects: 2.037400 ms  DeleteObjects: 1.607100 ms)

========================================================================
Received Prepare
Registering precompiled user dll's ...
Registered in 0.001943 seconds.
Begin MonoManager ReloadAssembly
Native extension for WindowsStandalone target not found
Native extension for WebGL target not found
Refreshing native plugins compatible for Editor in 0.45 ms, found 0 plugins.
Preloading 0 native plugins for Editor in 0.00 ms.
Invoked RoslynAnalysisRunner static constructor.
RoslynAnalysisRunner will not be running.
RoslynAnalysisRunner has terminated.
Mono: successfully reloaded assembly
- Completed reload, in  1.053 seconds
Platform modules already initialized, skipping
Shader 'Universal Render Pipeline/Particles/Lit': fallback shader 'Universal Render Pipeline/Particles/SimpleLit' not found
Shader 'Universal Render Pipeline/Particles/Lit': fallback shader 'Universal Render Pipeline/Particles/SimpleLit' not found
Refreshing native plugins compatible for Editor in 0.49 ms, found 0 plugins.
Preloading 0 native plugins for Editor in 0.00 ms.
Unloading 2438 Unused Serialized files (Serialized files now loaded: 0)
System memory in use before: 122.8 MB.
System memory in use after: 120.1 MB.

Unloading 38 unused Assets to reduce memory usage. Loaded Objects now: 3177.
Total: 4.092700 ms (FindLiveObjects: 0.315600 ms CreateObjectMapping: 0.121700 ms MarkObjects: 2.025600 ms  DeleteObjects: 1.628800 ms)

========================================================================
Received Prepare
Registering precompiled user dll's ...
Registered in 0.004882 seconds.
Begin MonoManager ReloadAssembly
Native extension for WindowsStandalone target not found
Native extension for WebGL target not found
Refreshing native plugins compatible for Editor in 0.45 ms, found 0 plugins.
Preloading 0 native plugins for Editor in 0.00 ms.
Invoked RoslynAnalysisRunner static constructor.
RoslynAnalysisRunner will not be running.
RoslynAnalysisRunner has terminated.
Mono: successfully reloaded assembly
- Completed reload, in  1.105 seconds
Platform modules already initialized, skipping
Shader 'Universal Render Pipeline/Particles/Lit': fallback shader 'Universal Render Pipeline/Particles/SimpleLit' not found
Shader 'Universal Render Pipeline/Particles/Lit': fallback shader 'Universal Render Pipeline/Particles/SimpleLit' not found
Refreshing native plugins compatible for Editor in 0.62 ms, found 0 plugins.
Preloading 0 native plugins for Editor in 0.00 ms.
Unloading 2438 Unused Serialized files (Serialized files now loaded: 0)
System memory in use before: 122.8 MB.
System memory in use after: 120.2 MB.

Unloading 38 unused Assets to reduce memory usage. Loaded Objects now: 3180.
Total: 4.095400 ms (FindLiveObjects: 0.293700 ms CreateObjectMapping: 0.124100 ms MarkObjects: 2.076900 ms  DeleteObjects: 1.599600 ms)

========================================================================
Received Prepare
Registering precompiled user dll's ...
Registered in 0.001900 seconds.
Begin MonoManager ReloadAssembly
Native extension for WindowsStandalone target not found
Native extension for WebGL target not found
Refreshing native plugins compatible for Editor in 0.68 ms, found 0 plugins.
Preloading 0 native plugins for Editor in 0.00 ms.
Invoked RoslynAnalysisRunner static constructor.
RoslynAnalysisRunner will not be running.
RoslynAnalysisRunner has terminated.
Mono: successfully reloaded assembly
- Completed reload, in  1.251 seconds
Platform modules already initialized, skipping
Shader 'Universal Render Pipeline/Particles/Lit': fallback shader 'Universal Render Pipeline/Particles/SimpleLit' not found
Shader 'Universal Render Pipeline/Particles/Lit': fallback shader 'Universal Render Pipeline/Particles/SimpleLit' not found
Refreshing native plugins compatible for Editor in 0.45 ms, found 0 plugins.
Preloading 0 native plugins for Editor in 0.00 ms.
Unloading 2438 Unused Serialized files (Serialized files now loaded: 0)
System memory in use before: 122.7 MB.
System memory in use after: 120.1 MB.

Unloading 38 unused Assets to reduce memory usage. Loaded Objects now: 3183.
Total: 4.532900 ms (FindLiveObjects: 0.301000 ms CreateObjectMapping: 0.130000 ms MarkObjects: 2.462600 ms  DeleteObjects: 1.638000 ms)

========================================================================
Received Prepare
Registering precompiled user dll's ...
Registered in 0.001566 seconds.
Begin MonoManager ReloadAssembly
Native extension for WindowsStandalone target not found
Native extension for WebGL target not found
Refreshing native plugins compatible for Editor in 0.80 ms, found 0 plugins.
Preloading 0 native plugins for Editor in 0.00 ms.
Invoked RoslynAnalysisRunner static constructor.
RoslynAnalysisRunner will not be running.
RoslynAnalysisRunner has terminated.
Mono: successfully reloaded assembly
- Completed reload, in  2.164 seconds
Platform modules already initialized, skipping
Shader 'Universal Render Pipeline/Particles/Lit': fallback shader 'Universal Render Pipeline/Particles/SimpleLit' not found
Shader 'Universal Render Pipeline/Particles/Lit': fallback shader 'Universal Render Pipeline/Particles/SimpleLit' not found
Refreshing native plugins compatible for Editor in 0.64 ms, found 0 plugins.
Preloading 0 native plugins for Editor in 0.00 ms.
Unloading 2438 Unused Serialized files (Serialized files now loaded: 0)
System memory in use before: 122.9 MB.
System memory in use after: 120.2 MB.

Unloading 38 unused Assets to reduce memory usage. Loaded Objects now: 3186.
Total: 9.423100 ms (FindLiveObjects: 0.759600 ms CreateObjectMapping: 0.736800 ms MarkObjects: 4.863300 ms  DeleteObjects: 3.059200 ms)

========================================================================
Received Prepare
Registering precompiled user dll's ...
Registered in 0.001714 seconds.
Begin MonoManager ReloadAssembly
Native extension for WindowsStandalone target not found
Native extension for WebGL target not found
Refreshing native plugins compatible for Editor in 0.77 ms, found 0 plugins.
Preloading 0 native plugins for Editor in 0.00 ms.
Invoked RoslynAnalysisRunner static constructor.
RoslynAnalysisRunner will not be running.
RoslynAnalysisRunner has terminated.
Mono: successfully reloaded assembly
- Completed reload, in  1.246 seconds
Platform modules already initialized, skipping
Shader 'Universal Render Pipeline/Particles/Lit': fallback shader 'Universal Render Pipeline/Particles/SimpleLit' not found
Shader 'Universal Render Pipeline/Particles/Lit': fallback shader 'Universal Render Pipeline/Particles/SimpleLit' not found
Refreshing native plugins compatible for Editor in 0.48 ms, found 0 plugins.
Preloading 0 native plugins for Editor in 0.00 ms.
Unloading 2438 Unused Serialized files (Serialized files now loaded: 0)
System memory in use before: 122.9 MB.
System memory in use after: 120.2 MB.

Unloading 38 unused Assets to reduce memory usage. Loaded Objects now: 3189.
Total: 4.231800 ms (FindLiveObjects: 0.314700 ms CreateObjectMapping: 0.135900 ms MarkObjects: 2.084900 ms  DeleteObjects: 1.695100 ms)

========================================================================
Received Prepare
Registering precompiled user dll's ...
Registered in 0.002295 seconds.
Begin MonoManager ReloadAssembly
Native extension for WindowsStandalone target not found
Native extension for WebGL target not found
Refreshing native plugins compatible for Editor in 0.46 ms, found 0 plugins.
Preloading 0 native plugins for Editor in 0.00 ms.
Invoked RoslynAnalysisRunner static constructor.
RoslynAnalysisRunner will not be running.
RoslynAnalysisRunner has terminated.
Mono: successfully reloaded assembly
- Completed reload, in  1.346 seconds
Platform modules already initialized, skipping
Shader 'Universal Render Pipeline/Particles/Lit': fallback shader 'Universal Render Pipeline/Particles/SimpleLit' not found
Shader 'Universal Render Pipeline/Particles/Lit': fallback shader 'Universal Render Pipeline/Particles/SimpleLit' not found
Refreshing native plugins compatible for Editor in 0.62 ms, found 0 plugins.
Preloading 0 native plugins for Editor in 0.00 ms.
Unloading 2438 Unused Serialized files (Serialized files now loaded: 0)
System memory in use before: 122.8 MB.
System memory in use after: 120.2 MB.

Unloading 38 unused Assets to reduce memory usage. Loaded Objects now: 3192.
Total: 4.407100 ms (FindLiveObjects: 0.335200 ms CreateObjectMapping: 0.138700 ms MarkObjects: 2.383400 ms  DeleteObjects: 1.548300 ms)

========================================================================
Received Prepare
Registering precompiled user dll's ...
Registered in 0.002964 seconds.
Begin MonoManager ReloadAssembly
Native extension for WindowsStandalone target not found
Native extension for WebGL target not found
Refreshing native plugins compatible for Editor in 0.65 ms, found 0 plugins.
Preloading 0 native plugins for Editor in 0.00 ms.
Invoked RoslynAnalysisRunner static constructor.
RoslynAnalysisRunner will not be running.
RoslynAnalysisRunner has terminated.
Mono: successfully reloaded assembly
- Completed reload, in  1.210 seconds
Platform modules already initialized, skipping
Shader 'Universal Render Pipeline/Particles/Lit': fallback shader 'Universal Render Pipeline/Particles/SimpleLit' not found
Shader 'Universal Render Pipeline/Particles/Lit': fallback shader 'Universal Render Pipeline/Particles/SimpleLit' not found
Refreshing native plugins compatible for Editor in 0.44 ms, found 0 plugins.
Preloading 0 native plugins for Editor in 0.00 ms.
Unloading 2438 Unused Serialized files (Serialized files now loaded: 0)
System memory in use before: 122.9 MB.
System memory in use after: 120.2 MB.

Unloading 38 unused Assets to reduce memory usage. Loaded Objects now: 3195.
Total: 4.070300 ms (FindLiveObjects: 0.276600 ms CreateObjectMapping: 0.106300 ms MarkObjects: 1.990400 ms  DeleteObjects: 1.696100 ms)

========================================================================
Received Prepare
Registering precompiled user dll's ...
Registered in 0.002241 seconds.
Begin MonoManager ReloadAssembly
Native extension for WindowsStandalone target not found
Native extension for WebGL target not found
Refreshing native plugins compatible for Editor in 0.54 ms, found 0 plugins.
Preloading 0 native plugins for Editor in 0.00 ms.
Invoked RoslynAnalysisRunner static constructor.
RoslynAnalysisRunner will not be running.
RoslynAnalysisRunner has terminated.
Mono: successfully reloaded assembly
- Completed reload, in  1.195 seconds
Platform modules already initialized, skipping
Shader 'Universal Render Pipeline/Particles/Lit': fallback shader 'Universal Render Pipeline/Particles/SimpleLit' not found
Shader 'Universal Render Pipeline/Particles/Lit': fallback shader 'Universal Render Pipeline/Particles/SimpleLit' not found
Refreshing native plugins compatible for Editor in 0.45 ms, found 0 plugins.
Preloading 0 native plugins for Editor in 0.00 ms.
Unloading 2438 Unused Serialized files (Serialized files now loaded: 0)
System memory in use before: 122.8 MB.
System memory in use after: 120.1 MB.

Unloading 38 unused Assets to reduce memory usage. Loaded Objects now: 3198.
Total: 4.180900 ms (FindLiveObjects: 0.283800 ms CreateObjectMapping: 0.171500 ms MarkObjects: 2.118500 ms  DeleteObjects: 1.605800 ms)

AssetImportWorkerClient::OnTransportError - code=2 error=End of file
